Time resolution is 1 ps
the instr is: xxxxxxxxxxxxxxxxxxxxxxxxxxxxxxxxxxxxxxxxxxxxxxxxxxxxxxxxxxxxxxxx
the instr is: 00000000000000000000000000000000000000000000000000000000xxxxxxxx
the instr is: 0000000000000000000000000000000000000000000000000000000000000000
the instr is: 0000000000000000000000000000000000000000000000000000000003020001
the instr is: 0000000000000000000000000000000000000000000000000000000003020001
the instr is: 0000000000000000000000000000000000000000000000000000000003020001
the instr is: 0000000000000000000000000000000000000000000000000000000003020001
the instr is: 0000000000000000000000000000000000000000000000000000000003020001
the instr is: 0000000000000000000000000000000000000000000000000000000003020001
address is: 0010_000000000000
exedataout is: 0008000c00080006000c0010000d0009000a00090005000d000c0003000a0006

00006 0000a 00003 0000c 
0000d 00005 00009 0000a 
00009 0000d 00010 0000c 
00006 00008 0000c 00008 
the instr is: 0000000000000000000000000000000000000000000000000000000003020001
the instr is: 0000000000000000000000000000000000000000000000000000000003020001
address is: 0010_000000000001
exedataout is: 000300040007000800070008000e000700100009000c000b000c000500050006

[i:0][j:0]00006 [i:0][j:1]00005 [i:0][j:2]00005 [i:0][j:3]0000c 
[i:1][j:0]0000b [i:1][j:1]0000c [i:1][j:2]00009 [i:1][j:3]00010 
[i:2][j:0]00007 [i:2][j:1]0000e [i:2][j:2]00008 [i:2][j:3]00007 
[i:3][j:0]00008 [i:3][j:1]00007 [i:3][j:2]00004 [i:3][j:3]00003 

the instr is: 0000000000000000000000000000000000000000000000000000000003020001
the instr is: 0000000000000000000000000000000000000000000000000000000003020001
address is: 0010_000000000011
exedataout is: 0000000000000000000000000000000000000000000000000000000000000003
Value of op is 03
MAdd
result: 
0000c 0000f 00008 00018 
00018 00011 00012 0001a 
00010 0001b 00018 00013 
0000e 0000f 00010 0000b 
the instr is: 0000000000000000000000000000000000000000000000000000000003020001
the instr is: 0000000000000000000000000000000000000000000000000000000003020001
the instr is: 0000000000000000000000000000000000000000000000000000000003020001
the instr is: 0000000000000000000000000000000000000000000000000000000003020001
the instr is: 0000000000000000000000000000000000000000000000000000000003020001
the instr is: 0000000000000000000000000000000000000000000000000000000003020001
the instr is: 0000000000000000000000000000000000000000000000000000000010100a0b
the instr is: 0000000000000000000000000000000000000000000000000000000010100a0b
the instr is: 0000000000000000000000000000000000000000000000000000000010100a0b
the instr is: 0000000000000000000000000000000000000000000000000000000010100a0b
the instr is: 0000000000000000000000000000000000000000000000000000000010100a0b
the instr is: 0000000000000000000000000000000000000000000000000000000010100a0b
the instr is: 0000000000000000000000000000000000000000000000000000000010100a0b
the instr is: 0000000000000000000000000000000000000000000000000000000010100a0b
the instr is: 0000000000000000000000000000000000000000000000000000000010100a0b
the instr is: 0000000000000000000000000000000000000000000000000000000010100a0b
the instr is: 0000000000000000000000000000000000000000000000000000000010100a0b
the instr is: 0000000000000000000000000000000000000000000000000000000010100a0b
the instr is: 0000000000000000000000000000000000000000000000000000000010100a0b
the instr is: 0000000000000000000000000000000000000000000000000000000010100a0b
the instr is: 0000000000000000000000000000000000000000000000000000000010100a0b
the instr is: 0000000000000000000000000000000000000000000000000000000010100a0b
the instr is: 0000000000000000000000000000000000000000000000000000000004030200
the instr is: 0000000000000000000000000000000000000000000000000000000004030200
the instr is: 0000000000000000000000000000000000000000000000000000000004030200
the instr is: 0000000000000000000000000000000000000000000000000000000004030200
the instr is: 0000000000000000000000000000000000000000000000000000000004030200
the instr is: 0000000000000000000000000000000000000000000000000000000004030200
address is: 0010_000000000000
exedataout is: 000b0010000f000e00130018001b0010001a00120011001800180008000f000c

0000c 0000f 00008 00018 
00018 00011 00012 0001a 
00010 0001b 00018 00013 
0000e 0000f 00010 0000b 
the instr is: 0000000000000000000000000000000000000000000000000000000004030200
the instr is: 0000000000000000000000000000000000000000000000000000000004030200
address is: 0010_000000000001
exedataout is: 0008000c00080006000c0010000d0009000a00090005000d000c0003000a0006

[i:0][j:0]00006 [i:0][j:1]0000a [i:0][j:2]00003 [i:0][j:3]0000c 
[i:1][j:0]0000d [i:1][j:1]00005 [i:1][j:2]00009 [i:1][j:3]0000a 
[i:2][j:0]00009 [i:2][j:1]0000d [i:2][j:2]00010 [i:2][j:3]0000c 
[i:3][j:0]00006 [i:3][j:1]00008 [i:3][j:2]0000c [i:3][j:3]00008 

the instr is: 0000000000000000000000000000000000000000000000000000000004030200
the instr is: 0000000000000000000000000000000000000000000000000000000004030200
address is: 0010_000000000011
exedataout is: 0000000000000000000000000000000000000000000000000000000000000004
Value of op is 04
MSub
result: 
00006 00005 00005 0000c 
0000b 0000c 00009 00010 
00007 0000e 00008 00007 
00008 00007 00004 00003 
the instr is: 0000000000000000000000000000000000000000000000000000000004030200
the instr is: 0000000000000000000000000000000000000000000000000000000004030200
the instr is: 0000000000000000000000000000000000000000000000000000000004030200
the instr is: 0000000000000000000000000000000000000000000000000000000004030200
the instr is: 0000000000000000000000000000000000000000000000000000000004030200
the instr is: 0000000000000000000000000000000000000000000000000000000004030200
the instr is: 0000000000000000000000000000000000000000000000000000000005040200
the instr is: 0000000000000000000000000000000000000000000000000000000005040200
the instr is: 0000000000000000000000000000000000000000000000000000000005040200
the instr is: 0000000000000000000000000000000000000000000000000000000005040200
the instr is: 0000000000000000000000000000000000000000000000000000000005040200
the instr is: 0000000000000000000000000000000000000000000000000000000005040200
address is: 0010_000000000000
exedataout is: 000b0010000f000e00130018001b0010001a00120011001800180008000f000c

0000c 0000f 00008 00018 
00018 00011 00012 0001a 
00010 0001b 00018 00013 
0000e 0000f 00010 0000b 
the instr is: 0000000000000000000000000000000000000000000000000000000005040200
the instr is: 0000000000000000000000000000000000000000000000000000000005040200
address is: 0010_000000000001
exedataout is: 0008000c00080006000c0010000d0009000a00090005000d000c0003000a0006

[i:0][j:0]00006 [i:0][j:1]0000a [i:0][j:2]00003 [i:0][j:3]0000c 
[i:1][j:0]0000d [i:1][j:1]00005 [i:1][j:2]00009 [i:1][j:3]0000a 
[i:2][j:0]00009 [i:2][j:1]0000d [i:2][j:2]00010 [i:2][j:3]0000c 
[i:3][j:0]00006 [i:3][j:1]00008 [i:3][j:2]0000c [i:3][j:3]00008 

the instr is: 0000000000000000000000000000000000000000000000000000000005040200
the instr is: 0000000000000000000000000000000000000000000000000000000005040200
address is: 0010_000000000011
exedataout is: 0000000000000000000000000000000000000000000000000000000000000005
Value of op is 05
Mtranspose
result: 
0000c 00018 00010 0000e 
0000f 00011 0001b 0000f 
00008 00012 00018 00010 
00018 0001a 00013 0000b 
the instr is: 0000000000000000000000000000000000000000000000000000000005040200
the instr is: 0000000000000000000000000000000000000000000000000000000005040200
the instr is: 0000000000000000000000000000000000000000000000000000000005040200
the instr is: 0000000000000000000000000000000000000000000000000000000005040200
the instr is: 0000000000000000000000000000000000000000000000000000000005040200
the instr is: 0000000000000000000000000000000000000000000000000000000005040200
the instr is: 0000000000000000000000000000000000000000000000000000000007110310
the instr is: 0000000000000000000000000000000000000000000000000000000007110310
the instr is: 0000000000000000000000000000000000000000000000000000000007110310
the instr is: 0000000000000000000000000000000000000000000000000000000007110310
the instr is: 0000000000000000000000000000000000000000000000000000000007110310
address is: 0010_000000000000
exedataout is: 000300040007000800070008000e000700100009000c000b000c000500050006

00006 00005 00005 0000c 
0000b 0000c 00009 00010 
00007 0000e 00008 00007 
00008 00007 00004 00003 
the instr is: 0000000000000000000000000000000000000000000000000000000007110310
the instr is: 0000000000000000000000000000000000000000000000000000000007110310
address is: 0010_000000000001
exedataout is: 0000000000000000000000000000000000000000000000000000000000000013

[i:0][j:0]00013 [i:0][j:1]00000 [i:0][j:2]00000 [i:0][j:3]00000 
[i:1][j:0]00000 [i:1][j:1]00000 [i:1][j:2]00000 [i:1][j:3]00000 
[i:2][j:0]00000 [i:2][j:1]00000 [i:2][j:2]00000 [i:2][j:3]00000 
[i:3][j:0]00000 [i:3][j:1]00000 [i:3][j:2]00000 [i:3][j:3]00000 

the instr is: 0000000000000000000000000000000000000000000000000000000007110310
the instr is: 0000000000000000000000000000000000000000000000000000000007110310
address is: 0010_000000000011
exedataout is: 0000000000000000000000000000000000000000000000000000000000000007
Value of op is 07
MScaleImm 
hex imm: 0013 
result: 
00072 0005f 0005f 000e4 
000d1 000e4 000ab 00130 
00085 0010a 00098 00085 
00098 00085 0004c 00039 

the instr is: 0000000000000000000000000000000000000000000000000000000007110310
the instr is: 0000000000000000000000000000000000000000000000000000000007110310
the instr is: 0000000000000000000000000000000000000000000000000000000007110310
the instr is: 0000000000000000000000000000000000000000000000000000000007110310
the instr is: 0000000000000000000000000000000000000000000000000000000007110310
the instr is: 0000000000000000000000000000000000000000000000000000000007110310
the instr is: 0000000000000000000000000000000000000000000000000000000000050403
the instr is: 0000000000000000000000000000000000000000000000000000000000050403
the instr is: 0000000000000000000000000000000000000000000000000000000000050403
the instr is: 0000000000000000000000000000000000000000000000000000000000050403
the instr is: 0000000000000000000000000000000000000000000000000000000000050403
the instr is: 0000000000000000000000000000000000000000000000000000000000050403
address is: 0010_000000000000
exedataout is: 000b0013001a00180010001800120008000f001b0011000f000e00100018000c

0000c 00018 00010 0000e 
0000f 00011 0001b 0000f 
00008 00012 00018 00010 
00018 0001a 00013 0000b 
the instr is: 0000000000000000000000000000000000000000000000000000000000050403
the instr is: 0000000000000000000000000000000000000000000000000000000000050403
address is: 0010_000000000001
exedataout is: 000300040007000800070008000e000700100009000c000b000c000500050006

[i:0][j:0]00006 [i:0][j:1]00005 [i:0][j:2]00005 [i:0][j:3]0000c 
[i:1][j:0]0000b [i:1][j:1]0000c [i:1][j:2]00009 [i:1][j:3]00010 
[i:2][j:0]00007 [i:2][j:1]0000e [i:2][j:2]00008 [i:2][j:3]00007 
[i:3][j:0]00008 [i:3][j:1]00007 [i:3][j:2]00004 [i:3][j:3]00003 

the instr is: 0000000000000000000000000000000000000000000000000000000000050403
the instr is: 0000000000000000000000000000000000000000000000000000000000050403
address is: 0010_000000000011
exedataout is: 0000000000000000000000000000000000000000000000000000000000000000
Value of op is 00
MMult1
result: 
00230 0029e 001cc 002aa 
0024a 002fa 001f8 002ae 
0021e 002c0 001ca 00258 
0028b 00307 00226 00366 

the instr is: 0000000000000000000000000000000000000000000000000000000000050403
the instr is: 0000000000000000000000000000000000000000000000000000000000050403
the instr is: 0000000000000000000000000000000000000000000000000000000000050403
the instr is: 0000000000000000000000000000000000000000000000000000000000050403
the instr is: 0000000000000000000000000000000000000000000000000000000000050403
the instr is: 0000000000000000000000000000000000000000000000000000000000050403
the instr is: 0000000000000000000000000000000000000000000000000000000001060403
the instr is: 0000000000000000000000000000000000000000000000000000000001060403
the instr is: 0000000000000000000000000000000000000000000000000000000001060403
the instr is: 0000000000000000000000000000000000000000000000000000000001060403
